<?xml version="1.0" encoding="UTF-8"?>
<testng-results ignored="0" total="2" passed="2" failed="0" skipped="0">
  <reporter-output>
  </reporter-output>
  <suite started-at="2025-07-24T15:51:57 IST" name="Suite" finished-at="2025-07-24T15:52:10 IST" duration-ms="13070">
    <groups>
      <group name="Master">
        <method signature="TC_001_AccountRegistrationTest.verifyAccountRegistration()[pri:0, instance:testCases.TC_001_AccountRegistrationTest@32c8e539]" name="verifyAccountRegistration" class="testCases.TC_001_AccountRegistrationTest"/>
        <method signature="TC_002_LoginTest.verify_login()[pri:0, instance:testCases.TC_002_LoginTest@14d14731]" name="verify_login" class="testCases.TC_002_LoginTest"/>
      </group> <!-- Master -->
      <group name="Sanity">
        <method signature="TC_002_LoginTest.verify_login()[pri:0, instance:testCases.TC_002_LoginTest@14d14731]" name="verify_login" class="testCases.TC_002_LoginTest"/>
      </group> <!-- Sanity -->
      <group name="Regression">
        <method signature="TC_001_AccountRegistrationTest.verifyAccountRegistration()[pri:0, instance:testCases.TC_001_AccountRegistrationTest@32c8e539]" name="verifyAccountRegistration" class="testCases.TC_001_AccountRegistrationTest"/>
      </group> <!-- Regression -->
    </groups>
    <test started-at="2025-07-24T15:51:57 IST" name="Test" finished-at="2025-07-24T15:52:10 IST" duration-ms="13070">
      <class name="testCases.TC_001_AccountRegistrationTest">
        <test-method is-config="true" signature="setup(java.lang.String,java.lang.String)[pri:0, instance:testCases.TC_001_AccountRegistrationTest@32c8e539]" started-at="2025-07-24T15:51:57 IST" name="setup" finished-at="2025-07-24T15:52:01 IST" duration-ms="4061" status="PASS">
          <params>
            <param index="0">
              <value>
                <![CDATA[windows]]>
              </value>
            </param>
            <param index="1">
              <value>
                <![CDATA[chrome]]>
              </value>
            </param>
          </params>
          <reporter-output>
          </reporter-output>
        </test-method> <!-- setup -->
        <test-method signature="verifyAccountRegistration()[pri:0, instance:testCases.TC_001_AccountRegistrationTest@32c8e539]" started-at="2025-07-24T15:52:01 IST" name="verifyAccountRegistration" finished-at="2025-07-24T15:52:03 IST" duration-ms="1728" status="PASS">
          <reporter-output>
          </reporter-output>
        </test-method> <!-- verifyAccountRegistration -->
        <test-method is-config="true" signature="tearDown()[pri:0, instance:testCases.TC_001_AccountRegistrationTest@32c8e539]" started-at="2025-07-24T15:52:03 IST" name="tearDown" finished-at="2025-07-24T15:52:03 IST" duration-ms="162" status="PASS">
          <reporter-output>
          </reporter-output>
        </test-method> <!-- tearDown -->
      </class> <!-- testCases.TC_001_AccountRegistrationTest -->
      <class name="testCases.TC_002_LoginTest">
        <test-method is-config="true" signature="setup(java.lang.String,java.lang.String)[pri:0, instance:testCases.TC_002_LoginTest@14d14731]" started-at="2025-07-24T15:52:03 IST" name="setup" finished-at="2025-07-24T15:52:06 IST" duration-ms="2463" status="PASS">
          <params>
            <param index="0">
              <value>
                <![CDATA[windows]]>
              </value>
            </param>
            <param index="1">
              <value>
                <![CDATA[chrome]]>
              </value>
            </param>
          </params>
          <reporter-output>
          </reporter-output>
        </test-method> <!-- setup -->
        <test-method signature="verify_login()[pri:0, instance:testCases.TC_002_LoginTest@14d14731]" started-at="2025-07-24T15:52:06 IST" name="verify_login" finished-at="2025-07-24T15:52:10 IST" duration-ms="4461" status="PASS">
          <reporter-output>
          </reporter-output>
        </test-method> <!-- verify_login -->
        <test-method is-config="true" signature="tearDown()[pri:0, instance:testCases.TC_002_LoginTest@14d14731]" started-at="2025-07-24T15:52:10 IST" name="tearDown" finished-at="2025-07-24T15:52:10 IST" duration-ms="164" status="PASS">
          <reporter-output>
          </reporter-output>
        </test-method> <!-- tearDown -->
      </class> <!-- testCases.TC_002_LoginTest -->
    </test> <!-- Test -->
  </suite> <!-- Suite -->
</testng-results>
