<?xml version="1.0" encoding="UTF-8"?>
<!-- Generated by org.testng.reporters.JUnitXMLReporter -->
<testsuite ignored="0" hostname="ankit" failures="1" tests="2" name="Linux-Firefox" time="45.258" errors="0" timestamp="2025-07-24T14:22:49 IST">
  <testcase classname="testCases.TC_001_AccountRegistrationTest" name="verifyAccountRegistration" time="1.973">
    <failure type="java.lang.AssertionError" message="expected [Your Account Has Been Created!!!] but found [Your Account Has Been Created!]">
      <![CDATA[java.lang.AssertionError: expected [Your Account Has Been Created!!!] but found [Your Account Has Been Created!]
at testCases.TC_001_AccountRegistrationTest.verifyAccountRegistration(TC_001_AccountRegistrationTest.java:41)
at java.base/java.util.ArrayList.forEach(ArrayList.java:1596)
... Removed 31 stack frames]]>
    </failure>
  </testcase> <!-- verifyAccountRegistration -->
  <testcase classname="testCases.TC_002_LoginTest" name="verify_login" time="4.132"/>
</testsuite> <!-- Linux-Firefox -->
